# JRE version: OpenJDK Runtime Environment (21.0.10) (build 21.0.10+-14961533-b1163.108)
# Java VM: OpenJDK 64-Bit Server VM (21.0.10+-14961533-b1163.108, mixed mode, tiered, compressed oops, compressed class ptrs, g1 gc, windows-amd64)
GC Precious Log:
 CardTable entry size: 512
 Card Set container configuration: InlinePtr #cards 4 size 8 Array Of Cards #cards 32 size 80 Howl #buckets 8 coarsen threshold 7372 Howl Bitmap #cards 1024 size 144 coarsen threshold 921 Card regions per heap region 1 cards per card region 8192
 CPUs: 8 total, 8 available
 Memory: 8070M
 Large Page Support: Disabled
 NUMA Support: Disabled
 Compressed Oops: Enabled (Zero based)
 Heap Region Size: 4M
 Heap Min Capacity: 8M
 Heap Initial Capacity: 128M
 Heap Max Capacity: 8G
 Pre-touch: Disabled
 Parallel Workers: 8
 Concurrent Workers: 2
 Concurrent Refinement Workers: 8
 Periodic GC: Disabled
Heap:
 garbage-first heap   total 155648K, used 117014K [0x0000000600000000, 0x0000000800000000)
  region size 4096K, 10 young (40960K), 1 survivors (4096K)
 Metaspace       used 114676K, committed 116224K, reserved 1179648K
  class space    used 14633K, committed 15360K, reserved 1048576K
GC Heap History (20 events):
Event: 41.222 GC heap before
{Heap before GC invocations=31 (full 0):
 garbage-first heap   total 139264K, used 116155K [0x0000000600000000, 0x0000000800000000)
  region size 4096K, 20 young (81920K), 2 survivors (8192K)
 Metaspace       used 57864K, committed 58816K, reserved 1114112K
  class space    used 8087K, committed 8576K, reserved 1048576K
}
Event: 41.226 GC heap after
{Heap after GC invocations=32 (full 0):
 garbage-first heap   total 139264K, used 44200K [0x0000000600000000, 0x0000000800000000)
  region size 4096K, 2 young (8192K), 2 survivors (8192K)
 Metaspace       used 57864K, committed 58816K, reserved 1114112K
  class space    used 8087K, committed 8576K, reserved 1048576K
}
Event: 41.511 GC heap before
{Heap before GC invocations=32 (full 0):
 garbage-first heap   total 139264K, used 56488K [0x0000000600000000, 0x0000000800000000)
  region size 4096K, 6 young (24576K), 2 survivors (8192K)
 Metaspace       used 59808K, committed 60736K, reserved 1114112K
  class space    used 8340K, committed 8832K, reserved 1048576K
}
Event: 41.516 GC heap after
{Heap after GC invocations=33 (full 0):
 garbage-first heap   total 139264K, used 44678K [0x0000000600000000, 0x0000000800000000)
  region size 4096K, 2 young (8192K), 2 survivors (8192K)
 Metaspace       used 59808K, committed 60736K, reserved 1114112K
  class space    used 8340K, committed 8832K, reserved 1048576K
}
Event: 43.238 GC heap before
{Heap before GC invocations=34 (full 0):
 garbage-first heap   total 139264K, used 126598K [0x0000000600000000, 0x0000000800000000)
  region size 4096K, 20 young (81920K), 2 survivors (8192K)
 Metaspace       used 69580K, committed 70592K, reserved 1114112K
  class space    used 9571K, committed 10048K, reserved 1048576K
}
Event: 43.247 GC heap after
{Heap after GC invocations=35 (full 0):
 garbage-first heap   total 139264K, used 54040K [0x0000000600000000, 0x0000000800000000)
  region size 4096K, 2 young (8192K), 2 survivors (8192K)
 Metaspace       used 69580K, committed 70592K, reserved 1114112K
  class space    used 9571K, committed 10048K, reserved 1048576K
}
Event: 44.707 GC heap before
{Heap before GC invocations=35 (full 0):
 garbage-first heap   total 139264K, used 131864K [0x0000000600000000, 0x0000000800000000)
  region size 4096K, 19 young (77824K), 2 survivors (8192K)
 Metaspace       used 74813K, committed 75776K, reserved 1179648K
  class space    used 10177K, committed 10624K, reserved 1048576K
}
Event: 44.726 GC heap after
{Heap after GC invocations=36 (full 0):
 garbage-first heap   total 155648K, used 62623K [0x0000000600000000, 0x0000000800000000)
  region size 4096K, 3 young (12288K), 3 survivors (12288K)
 Metaspace       used 74813K, committed 75776K, reserved 1179648K
  class space    used 10177K, committed 10624K, reserved 1048576K
}
Event: 46.518 GC heap before
{Heap before GC invocations=36 (full 0):
 garbage-first heap   total 155648K, used 132255K [0x0000000600000000, 0x0000000800000000)
  region size 4096K, 20 young (81920K), 3 survivors (12288K)
 Metaspace       used 83506K, committed 84864K, reserved 1179648K
  class space    used 11165K, committed 11776K, reserved 1048576K
}
Event: 46.530 GC heap after
{Heap after GC invocations=37 (full 0):
 garbage-first heap   total 155648K, used 67960K [0x0000000600000000, 0x0000000800000000)
  region size 4096K, 2 young (8192K), 2 survivors (8192K)
 Metaspace       used 83506K, committed 84864K, reserved 1179648K
  class space    used 11165K, committed 11776K, reserved 1048576K
}
Event: 48.060 GC heap before
{Heap before GC invocations=37 (full 0):
 garbage-first heap   total 155648K, used 133496K [0x0000000600000000, 0x0000000800000000)
  region size 4096K, 18 young (73728K), 2 survivors (8192K)
 Metaspace       used 89938K, committed 91392K, reserved 1179648K
  class space    used 12017K, committed 12736K, reserved 1048576K
}
Event: 48.067 GC heap after
{Heap after GC invocations=38 (full 0):
 garbage-first heap   total 155648K, used 72117K [0x0000000600000000, 0x0000000800000000)
  region size 4096K, 3 young (12288K), 3 survivors (12288K)
 Metaspace       used 89938K, committed 91392K, reserved 1179648K
  class space    used 12017K, committed 12736K, reserved 1048576K
}
Event: 49.629 GC heap before
{Heap before GC invocations=38 (full 0):
 garbage-first heap   total 155648K, used 129461K [0x0000000600000000, 0x0000000800000000)
  region size 4096K, 18 young (73728K), 3 survivors (12288K)
 Metaspace       used 94189K, committed 95552K, reserved 1179648K
  class space    used 12511K, committed 13184K, reserved 1048576K
}
Event: 49.639 GC heap after
{Heap after GC invocations=39 (full 0):
 garbage-first heap   total 155648K, used 76669K [0x0000000600000000, 0x0000000800000000)
  region size 4096K, 3 young (12288K), 3 survivors (12288K)
 Metaspace       used 94189K, committed 95552K, reserved 1179648K
  class space    used 12511K, committed 13184K, reserved 1048576K
}
Event: 51.879 GC heap before
{Heap before GC invocations=39 (full 0):
 garbage-first heap   total 155648K, used 134013K [0x0000000600000000, 0x0000000800000000)
  region size 4096K, 17 young (69632K), 3 survivors (12288K)
 Metaspace       used 100442K, committed 101888K, reserved 1179648K
  class space    used 13211K, committed 13888K, reserved 1048576K
}
Event: 51.892 GC heap after
{Heap after GC invocations=40 (full 0):
 garbage-first heap   total 155648K, used 81594K [0x0000000600000000, 0x0000000800000000)
  region size 4096K, 3 young (12288K), 3 survivors (12288K)
 Metaspace       used 100442K, committed 101888K, reserved 1179648K
  class space    used 13211K, committed 13888K, reserved 1048576K
}
Event: 51.950 GC heap before
{Heap before GC invocations=40 (full 0):
 garbage-first heap   total 155648K, used 81594K [0x0000000600000000, 0x0000000800000000)
  region size 4096K, 4 young (16384K), 3 survivors (12288K)
 Metaspace       used 100619K, committed 102080K, reserved 1179648K
  class space    used 13229K, committed 13952K, reserved 1048576K
}
Event: 51.960 GC heap after
{Heap after GC invocations=41 (full 0):
 garbage-first heap   total 155648K, used 82492K [0x0000000600000000, 0x0000000800000000)
  region size 4096K, 2 young (8192K), 2 survivors (8192K)
 Metaspace       used 100619K, committed 102080K, reserved 1179648K
  class space    used 13229K, committed 13952K, reserved 1048576K
}
Event: 54.004 GC heap before
{Heap before GC invocations=42 (full 0):
 garbage-first heap   total 155648K, used 135740K [0x0000000600000000, 0x0000000800000000)
  region size 4096K, 15 young (61440K), 2 survivors (8192K)
 Metaspace       used 108684K, committed 110144K, reserved 1179648K
  class space    used 14097K, committed 14784K, reserved 1048576K
}
Event: 54.013 GC heap after
{Heap after GC invocations=43 (full 0):
 garbage-first heap   total 155648K, used 84246K [0x0000000600000000, 0x0000000800000000)
  region size 4096K, 1 young (4096K), 1 survivors (4096K)
 Metaspace       used 108684K, committed 110144K, reserved 1179648K
  class space    used 14097K, committed 14784K, reserved 1048576K
}

